<?xml version="1.0" encoding="UTF-8"?>
<testsuite name="tests.WebQuizEngineTest" tests="1" skipped="0" failures="1" errors="0" timestamp="2020-11-22T01:50:44" hostname="PCCZARKA" time="11.056">
  <properties/>
  <testcase name="start" classname="tests.WebQuizEngineTest" time="11.056">
    <failure message="java.lang.AssertionError: Wrong answer in test #42&#10;&#10;GET /api/quizzes/completed?page=0 should respond with status code 200, responded: 400&#10;&#10;Response body:&#10;&#10;{&quot;timestamp&quot;:&quot;2020-11-22T01:50:55.608+0000&quot;,&quot;status&quot;:400,&quot;error&quot;:&quot;Bad Request&quot;,&quot;message&quot;:&quot;Failed to convert value of type 'java.lang.String' to required type 'int'; nested exception is java.lang.NumberFormatException: For input string: \&quot;completed\&quot;&quot;,&quot;path&quot;:&quot;/api/quizzes/completed&quot;}&#10;&#10;Please find below the output of your program during this failed test.&#10;&#10;---&#10;&#10;Hibernate: select user0_.id as id1_1_, user0_.email as email2_1_, user0_.password as password3_1_ from user user0_ where user0_.email=?&#10;2020-11-22 02:50:55.607  WARN 3680 --- [nio-8080-exec-3] .w.s.m.s.DefaultHandlerExceptionResolver : Resolved [org.springframework.web.method.annotation.MethodArgumentTypeMismatchException: Failed to convert value of type 'java.lang.String' to required type 'int'; nested exception is java.lang.NumberFormatException: For input string: &quot;completed&quot;]" type="java.lang.AssertionError">java.lang.AssertionError: Wrong answer in test #42

GET /api/quizzes/completed?page=0 should respond with status code 200, responded: 400

Response body:

{&quot;timestamp&quot;:&quot;2020-11-22T01:50:55.608+0000&quot;,&quot;status&quot;:400,&quot;error&quot;:&quot;Bad Request&quot;,&quot;message&quot;:&quot;Failed to convert value of type 'java.lang.String' to required type 'int'; nested exception is java.lang.NumberFormatException: For input string: \&quot;completed\&quot;&quot;,&quot;path&quot;:&quot;/api/quizzes/completed&quot;}

Please find below the output of your program during this failed test.

---

Hibernate: select user0_.id as id1_1_, user0_.email as email2_1_, user0_.password as password3_1_ from user user0_ where user0_.email=?
2020-11-22 02:50:55.607  WARN 3680 --- [nio-8080-exec-3] .w.s.m.s.DefaultHandlerExceptionResolver : Resolved [org.springframework.web.method.annotation.MethodArgumentTypeMismatchException: Failed to convert value of type 'java.lang.String' to required type 'int'; nested exception is java.lang.NumberFormatException: For input string: &quot;completed&quot;]
	at org.junit.Assert.fail(Assert.java:88)
	at org.hyperskill.hstest.stage.StageTest.start(StageTest.java:103)
	at java.base/jdk.internal.reflect.NativeMethodAccessorImpl.invoke0(Native Method)
	at java.base/jdk.internal.reflect.NativeMethodAccessorImpl.invoke(NativeMethodAccessorImpl.java:62)
	at java.base/jdk.internal.reflect.DelegatingMethodAccessorImpl.invoke(DelegatingMethodAccessorImpl.java:43)
	at java.base/java.lang.reflect.Method.invoke(Method.java:566)
	at org.junit.runners.model.FrameworkMethod$1.runReflectiveCall(FrameworkMethod.java:50)
	at org.junit.internal.runners.model.ReflectiveCallable.run(ReflectiveCallable.java:12)
	at org.junit.runners.model.FrameworkMethod.invokeExplosively(FrameworkMethod.java:47)
	at org.junit.internal.runners.statements.InvokeMethod.evaluate(InvokeMethod.java:17)
	at org.junit.internal.runners.statements.RunAfters.evaluate(RunAfters.java:27)
	at org.junit.runners.ParentRunner.runLeaf(ParentRunner.java:325)
	at org.junit.runners.BlockJUnit4ClassRunner.runChild(BlockJUnit4ClassRunner.java:78)
	at org.junit.runners.BlockJUnit4ClassRunner.runChild(BlockJUnit4ClassRunner.java:57)
	at org.junit.runners.ParentRunner$3.run(ParentRunner.java:290)
	at org.junit.runners.ParentRunner$1.schedule(ParentRunner.java:71)
	at org.junit.runners.ParentRunner.runChildren(ParentRunner.java:288)
	at org.junit.runners.ParentRunner.access$000(ParentRunner.java:58)
	at org.junit.runners.ParentRunner$2.evaluate(ParentRunner.java:268)
	at org.junit.runners.ParentRunner.run(ParentRunner.java:363)
	at org.gradle.api.internal.tasks.testing.junit.JUnitTestClassExecutor.runTestClass(JUnitTestClassExecutor.java:110)
	at org.gradle.api.internal.tasks.testing.junit.JUnitTestClassExecutor.execute(JUnitTestClassExecutor.java:58)
	at org.gradle.api.internal.tasks.testing.junit.JUnitTestClassExecutor.execute(JUnitTestClassExecutor.java:38)
	at org.gradle.api.internal.tasks.testing.junit.AbstractJUnitTestClassProcessor.processTestClass(AbstractJUnitTestClassProcessor.java:62)
	at org.gradle.api.internal.tasks.testing.SuiteTestClassProcessor.processTestClass(SuiteTestClassProcessor.java:51)
	at java.base/jdk.internal.reflect.NativeMethodAccessorImpl.invoke0(Native Method)
	at java.base/jdk.internal.reflect.NativeMethodAccessorImpl.invoke(NativeMethodAccessorImpl.java:62)
	at java.base/jdk.internal.reflect.DelegatingMethodAccessorImpl.invoke(DelegatingMethodAccessorImpl.java:43)
	at java.base/java.lang.reflect.Method.invoke(Method.java:566)
	at org.gradle.internal.dispatch.ReflectionDispatch.dispatch(ReflectionDispatch.java:36)
	at org.gradle.internal.dispatch.ReflectionDispatch.dispatch(ReflectionDispatch.java:24)
	at org.gradle.internal.dispatch.ContextClassLoaderDispatch.dispatch(ContextClassLoaderDispatch.java:33)
	at org.gradle.internal.dispatch.ProxyDispatchAdapter$DispatchingInvocationHandler.invoke(ProxyDispatchAdapter.java:94)
	at com.sun.proxy.$Proxy2.processTestClass(Unknown Source)
	at org.gradle.api.internal.tasks.testing.worker.TestWorker.processTestClass(TestWorker.java:119)
	at java.base/jdk.internal.reflect.NativeMethodAccessorImpl.invoke0(Native Method)
	at java.base/jdk.internal.reflect.NativeMethodAccessorImpl.invoke(NativeMethodAccessorImpl.java:62)
	at java.base/jdk.internal.reflect.DelegatingMethodAccessorImpl.invoke(DelegatingMethodAccessorImpl.java:43)
	at java.base/java.lang.reflect.Method.invoke(Method.java:566)
	at org.gradle.internal.dispatch.ReflectionDispatch.dispatch(ReflectionDispatch.java:36)
	at org.gradle.internal.dispatch.ReflectionDispatch.dispatch(ReflectionDispatch.java:24)
	at org.gradle.internal.remote.internal.hub.MessageHubBackedObjectConnection$DispatchWrapper.dispatch(MessageHubBackedObjectConnection.java:182)
	at org.gradle.internal.remote.internal.hub.MessageHubBackedObjectConnection$DispatchWrapper.dispatch(MessageHubBackedObjectConnection.java:164)
	at org.gradle.internal.remote.internal.hub.MessageHub$Handler.run(MessageHub.java:414)
	at org.gradle.internal.concurrent.ExecutorPolicy$CatchAndRecordFailures.onExecute(ExecutorPolicy.java:64)
	at org.gradle.internal.concurrent.ManagedExecutorImpl$1.run(ManagedExecutorImpl.java:48)
	at java.base/java.util.concurrent.ThreadPoolExecutor.runWorker(ThreadPoolExecutor.java:1128)
	at java.base/java.util.concurrent.ThreadPoolExecutor$Worker.run(ThreadPoolExecutor.java:628)
	at org.gradle.internal.concurrent.ThreadFactoryImpl$ManagedThreadRunnable.run(ThreadFactoryImpl.java:56)
	at java.base/java.lang.Thread.run(Thread.java:834)
</failure>
  </testcase>
  <system-out><![CDATA[?[1;31m
Start test 1?[0m

  .   ____          _            __ _ _
 /\\ / ___'_ __ _ _(_)_ __  __ _ \ \ \ \
( ( )\___ | '_ | '_| | '_ \/ _` | \ \ \ \
 \\/  ___)| |_)| | | | | || (_| |  ) ) ) )
  '  |____| .__|_| |_|_| |_\__, | / / / /
 =========|_|==============|___/=/_/_/_/
 :: Spring Boot ::        (v2.2.2.RELEASE)

2020-11-22 02:50:45.322  INFO 3680 --- [    Test worker] engine.WebQuizEngine                     : Starting WebQuizEngine on PCCZARKA with PID 3680 (started by Windows in D:\Web Quiz Engine\Web Quiz Engine\task)
2020-11-22 02:50:45.330  INFO 3680 --- [    Test worker] engine.WebQuizEngine                     : No active profile set, falling back to default profiles: default
2020-11-22 02:50:46.691  INFO 3680 --- [    Test worker] .s.d.r.c.RepositoryConfigurationDelegate : Bootstrapping Spring Data JPA repositories in DEFAULT mode.
2020-11-22 02:50:46.780  INFO 3680 --- [    Test worker] .s.d.r.c.RepositoryConfigurationDelegate : Finished Spring Data repository scanning in 81ms. Found 2 JPA repository interfaces.
2020-11-22 02:50:47.256  INFO 3680 --- [    Test worker] trationDelegate$BeanPostProcessorChecker : Bean 'org.springframework.transaction.annotation.ProxyTransactionManagementConfiguration' of type [org.springframework.transaction.annotation.ProxyTransactionManagementConfiguration] is not eligible for getting processed by all BeanPostProcessors (for example: not eligible for auto-proxying)
2020-11-22 02:50:47.611  INFO 3680 --- [    Test worker] o.s.b.w.embedded.tomcat.TomcatWebServer  : Tomcat initialized with port(s): 8080 (http)
2020-11-22 02:50:47.627  INFO 3680 --- [    Test worker] o.apache.catalina.core.StandardService   : Starting service [Tomcat]
2020-11-22 02:50:47.628  INFO 3680 --- [    Test worker] org.apache.catalina.core.StandardEngine  : Starting Servlet engine: [Apache Tomcat/9.0.29]
2020-11-22 02:50:47.804  INFO 3680 --- [    Test worker] o.a.c.c.C.[Tomcat].[localhost].[/]       : Initializing Spring embedded WebApplicationContext
2020-11-22 02:50:47.804  INFO 3680 --- [    Test worker] o.s.web.context.ContextLoader            : Root WebApplicationContext: initialization completed in 2400 ms
2020-11-22 02:50:47.991  INFO 3680 --- [    Test worker] com.zaxxer.hikari.HikariDataSource       : HikariPool-1 - Starting...
2020-11-22 02:50:48.234  INFO 3680 --- [    Test worker] com.zaxxer.hikari.HikariDataSource       : HikariPool-1 - Start completed.
2020-11-22 02:50:48.243  INFO 3680 --- [    Test worker] o.s.b.a.h2.H2ConsoleAutoConfiguration    : H2 console available at '/h2-console'. Database available at 'jdbc:h2:file:../quizdb'
2020-11-22 02:50:48.651  INFO 3680 --- [    Test worker] o.hibernate.jpa.internal.util.LogHelper  : HHH000204: Processing PersistenceUnitInfo [name: default]
2020-11-22 02:50:48.775  INFO 3680 --- [    Test worker] org.hibernate.Version                    : HHH000412: Hibernate Core {5.4.9.Final}
2020-11-22 02:50:48.971  INFO 3680 --- [    Test worker] o.hibernate.annotations.common.Version   : HCANN000001: Hibernate Commons Annotations {5.1.0.Final}
2020-11-22 02:50:49.126  INFO 3680 --- [    Test worker] org.hibernate.dialect.Dialect            : HHH000400: Using dialect: org.hibernate.dialect.H2Dialect
Hibernate: create table quizzes (id integer not null, answer binary(255), options binary(255) not null, text varchar(255), title varchar(255), user binary(255), primary key (id))
Hibernate: create table user (id integer not null, email varchar(255) not null, password varchar(255) not null, primary key (id))
Hibernate: create sequence hibernate_sequence start with 1 increment by 1
2020-11-22 02:50:50.145  INFO 3680 --- [    Test worker] o.h.e.t.j.p.i.JtaPlatformInitiator       : HHH000490: Using JtaPlatform implementation: [org.hibernate.engine.transaction.jta.platform.internal.NoJtaPlatform]
2020-11-22 02:50:50.153  INFO 3680 --- [    Test worker] j.LocalContainerEntityManagerFactoryBean : Initialized JPA EntityManagerFactory for persistence unit 'default'
2020-11-22 02:50:50.730  WARN 3680 --- [    Test worker] JpaBaseConfiguration$JpaWebConfiguration : spring.jpa.open-in-view is enabled by default. Therefore, database queries may be performed during view rendering. Explicitly configure spring.jpa.open-in-view to disable this warning
2020-11-22 02:50:50.974  INFO 3680 --- [    Test worker] o.s.s.concurrent.ThreadPoolTaskExecutor  : Initializing ExecutorService 'applicationTaskExecutor'
2020-11-22 02:50:51.525  INFO 3680 --- [    Test worker] o.s.s.web.DefaultSecurityFilterChain     : Creating filter chain: any request, [org.springframework.security.web.context.request.async.WebAsyncManagerIntegrationFilter@5c42e3b, org.springframework.security.web.context.SecurityContextPersistenceFilter@42fc9ad5, org.springframework.security.web.header.HeaderWriterFilter@521dcb, org.springframework.security.web.authentication.logout.LogoutFilter@62464b3a, org.springframework.security.web.authentication.www.BasicAuthenticationFilter@787e872d, org.springframework.security.web.savedrequest.RequestCacheAwareFilter@348271d3, org.springframework.security.web.servletapi.SecurityContextHolderAwareRequestFilter@7d373e92, org.springframework.security.web.authentication.AnonymousAuthenticationFilter@4426a226, org.springframework.security.web.session.SessionManagementFilter@24132b88, org.springframework.security.web.access.ExceptionTranslationFilter@67008dcc, org.springframework.security.web.access.intercept.FilterSecurityInterceptor@245267a8]
2020-11-22 02:50:51.571  INFO 3680 --- [    Test worker] o.s.b.a.e.web.EndpointLinksResolver      : Exposing 14 endpoint(s) beneath base path '/actuator'
2020-11-22 02:50:51.652  INFO 3680 --- [    Test worker] o.s.b.w.embedded.tomcat.TomcatWebServer  : Tomcat started on port(s): 8080 (http) with context path ''
2020-11-22 02:50:51.657  INFO 3680 --- [    Test worker] engine.WebQuizEngine                     : Started WebQuizEngine in 6.884 seconds (JVM running for 8.067)
2020-11-22 02:50:52.103  INFO 3680 --- [nio-8080-exec-1] o.a.c.c.C.[Tomcat].[localhost].[/]       : Initializing Spring DispatcherServlet 'dispatcherServlet'
2020-11-22 02:50:52.105  INFO 3680 --- [nio-8080-exec-1] o.s.web.servlet.DispatcherServlet        : Initializing Servlet 'dispatcherServlet'
2020-11-22 02:50:52.126  INFO 3680 --- [nio-8080-exec-1] o.s.web.servlet.DispatcherServlet        : Completed initialization in 21 ms
Hibernate: select user0_.id as id1_1_, user0_.email as email2_1_, user0_.password as password3_1_ from user user0_ where user0_.email=?
Hibernate: call next value for hibernate_sequence
Hibernate: insert into user (email, password, id) values (?, ?, ?)
?[1;31m
Start test 2?[0m
Hibernate: select user0_.id as id1_1_, user0_.email as email2_1_, user0_.password as password3_1_ from user user0_ where user0_.email=?
Hibernate: call next value for hibernate_sequence
Hibernate: insert into user (email, password, id) values (?, ?, ?)
?[1;31m
Start test 3?[0m
?[1;31m
Start test 4?[0m
?[1;31m
Start test 5?[0m
Hibernate: select user0_.id as id1_1_, user0_.email as email2_1_, user0_.password as password3_1_ from user user0_ where user0_.email=?
?[1;31m
Start test 6?[0m
?[1;31m
Start test 7?[0m
?[1;31m
Start test 8?[0m
Hibernate: select user0_.id as id1_1_, user0_.email as email2_1_, user0_.password as password3_1_ from user user0_ where user0_.email=?
Hibernate: select quiz0_.id as id1_0_, quiz0_.answer as answer2_0_, quiz0_.options as options3_0_, quiz0_.text as text4_0_, quiz0_.title as title5_0_, quiz0_.user as user6_0_ from quizzes quiz0_ limit ?
?[1;31m
Start test 9?[0m
Hibernate: select user0_.id as id1_1_, user0_.email as email2_1_, user0_.password as password3_1_ from user user0_ where user0_.email=?
Hibernate: select quiz0_.id as id1_0_, quiz0_.answer as answer2_0_, quiz0_.options as options3_0_, quiz0_.text as text4_0_, quiz0_.title as title5_0_, quiz0_.user as user6_0_ from quizzes quiz0_ limit ?
?[1;31m
Start test 10?[0m
Hibernate: select user0_.id as id1_1_, user0_.email as email2_1_, user0_.password as password3_1_ from user user0_ where user0_.email=?
Hibernate: call next value for hibernate_sequence
Hibernate: insert into quizzes (answer, options, text, title, user, id) values (?, ?, ?, ?, ?, ?)
?[1;31m
Start test 11?[0m
Hibernate: select user0_.id as id1_1_, user0_.email as email2_1_, user0_.password as password3_1_ from user user0_ where user0_.email=?
Hibernate: select quiz0_.id as id1_0_0_, quiz0_.answer as answer2_0_0_, quiz0_.options as options3_0_0_, quiz0_.text as text4_0_0_, quiz0_.title as title5_0_0_, quiz0_.user as user6_0_0_ from quizzes quiz0_ where quiz0_.id=?
?[1;31m
Start test 12?[0m
Hibernate: select user0_.id as id1_1_, user0_.email as email2_1_, user0_.password as password3_1_ from user user0_ where user0_.email=?
Hibernate: select quiz0_.id as id1_0_0_, quiz0_.answer as answer2_0_0_, quiz0_.options as options3_0_0_, quiz0_.text as text4_0_0_, quiz0_.title as title5_0_0_, quiz0_.user as user6_0_0_ from quizzes quiz0_ where quiz0_.id=?
?[1;31m
Start test 13?[0m
Hibernate: select user0_.id as id1_1_, user0_.email as email2_1_, user0_.password as password3_1_ from user user0_ where user0_.email=?
Hibernate: select quiz0_.id as id1_0_, quiz0_.answer as answer2_0_, quiz0_.options as options3_0_, quiz0_.text as text4_0_, quiz0_.title as title5_0_, quiz0_.user as user6_0_ from quizzes quiz0_ limit ?
?[1;31m
Start test 14?[0m
Hibernate: select user0_.id as id1_1_, user0_.email as email2_1_, user0_.password as password3_1_ from user user0_ where user0_.email=?
Hibernate: call next value for hibernate_sequence
Hibernate: insert into quizzes (answer, options, text, title, user, id) values (?, ?, ?, ?, ?, ?)
?[1;31m
Start test 15?[0m
Hibernate: select user0_.id as id1_1_, user0_.email as email2_1_, user0_.password as password3_1_ from user user0_ where user0_.email=?
Hibernate: select quiz0_.id as id1_0_0_, quiz0_.answer as answer2_0_0_, quiz0_.options as options3_0_0_, quiz0_.text as text4_0_0_, quiz0_.title as title5_0_0_, quiz0_.user as user6_0_0_ from quizzes quiz0_ where quiz0_.id=?
?[1;31m
Start test 16?[0m
Hibernate: select user0_.id as id1_1_, user0_.email as email2_1_, user0_.password as password3_1_ from user user0_ where user0_.email=?
Hibernate: select quiz0_.id as id1_0_0_, quiz0_.answer as answer2_0_0_, quiz0_.options as options3_0_0_, quiz0_.text as text4_0_0_, quiz0_.title as title5_0_0_, quiz0_.user as user6_0_0_ from quizzes quiz0_ where quiz0_.id=?
?[1;31m
Start test 17?[0m
Hibernate: select user0_.id as id1_1_, user0_.email as email2_1_, user0_.password as password3_1_ from user user0_ where user0_.email=?
Hibernate: select quiz0_.id as id1_0_, quiz0_.answer as answer2_0_, quiz0_.options as options3_0_, quiz0_.text as text4_0_, quiz0_.title as title5_0_, quiz0_.user as user6_0_ from quizzes quiz0_ limit ?
?[1;31m
Start test 18?[0m
?[1;31m
Start test 19?[0m
?[1;31m
Start test 20?[0m
?[1;31m
Start test 21?[0m
?[1;31m
Start test 22?[0m
?[1;31m
Start test 23?[0m
?[1;31m
Start test 24?[0m
?[1;31m
Start test 25?[0m
?[1;31m
Start test 26?[0m
Hibernate: select user0_.id as id1_1_, user0_.email as email2_1_, user0_.password as password3_1_ from user user0_ where user0_.email=?
?[1;31m
Start test 27?[0m
Hibernate: select user0_.id as id1_1_, user0_.email as email2_1_, user0_.password as password3_1_ from user user0_ where user0_.email=?
?[1;31m
Start test 28?[0m
Hibernate: select user0_.id as id1_1_, user0_.email as email2_1_, user0_.password as password3_1_ from user user0_ where user0_.email=?
?[1;31m
Start test 29?[0m
Hibernate: select user0_.id as id1_1_, user0_.email as email2_1_, user0_.password as password3_1_ from user user0_ where user0_.email=?
?[1;31m
Start test 30?[0m
Hibernate: select user0_.id as id1_1_, user0_.email as email2_1_, user0_.password as password3_1_ from user user0_ where user0_.email=?
?[1;31m
Start test 31?[0m
Hibernate: select user0_.id as id1_1_, user0_.email as email2_1_, user0_.password as password3_1_ from user user0_ where user0_.email=?
?[1;31m
Start test 32?[0m
Hibernate: select user0_.id as id1_1_, user0_.email as email2_1_, user0_.password as password3_1_ from user user0_ where user0_.email=?
?[1;31m
Start test 33?[0m
Hibernate: select user0_.id as id1_1_, user0_.email as email2_1_, user0_.password as password3_1_ from user user0_ where user0_.email=?
?[1;31m
Start test 34?[0m
Hibernate: select user0_.id as id1_1_, user0_.email as email2_1_, user0_.password as password3_1_ from user user0_ where user0_.email=?
Hibernate: select quiz0_.id as id1_0_0_, quiz0_.answer as answer2_0_0_, quiz0_.options as options3_0_0_, quiz0_.text as text4_0_0_, quiz0_.title as title5_0_0_, quiz0_.user as user6_0_0_ from quizzes quiz0_ where quiz0_.id=?
?[1;31m
Start test 35?[0m
Hibernate: select user0_.id as id1_1_, user0_.email as email2_1_, user0_.password as password3_1_ from user user0_ where user0_.email=?
Hibernate: select quiz0_.id as id1_0_0_, quiz0_.answer as answer2_0_0_, quiz0_.options as options3_0_0_, quiz0_.text as text4_0_0_, quiz0_.title as title5_0_0_, quiz0_.user as user6_0_0_ from quizzes quiz0_ where quiz0_.id=?
?[1;31m
Start test 36?[0m
Hibernate: select user0_.id as id1_1_, user0_.email as email2_1_, user0_.password as password3_1_ from user user0_ where user0_.email=?
Hibernate: select quiz0_.id as id1_0_0_, quiz0_.answer as answer2_0_0_, quiz0_.options as options3_0_0_, quiz0_.text as text4_0_0_, quiz0_.title as title5_0_0_, quiz0_.user as user6_0_0_ from quizzes quiz0_ where quiz0_.id=?
?[1;31m
Start test 37?[0m
Hibernate: select user0_.id as id1_1_, user0_.email as email2_1_, user0_.password as password3_1_ from user user0_ where user0_.email=?
Hibernate: select quiz0_.id as id1_0_0_, quiz0_.answer as answer2_0_0_, quiz0_.options as options3_0_0_, quiz0_.text as text4_0_0_, quiz0_.title as title5_0_0_, quiz0_.user as user6_0_0_ from quizzes quiz0_ where quiz0_.id=?
?[1;31m
Start test 38?[0m
Hibernate: select user0_.id as id1_1_, user0_.email as email2_1_, user0_.password as password3_1_ from user user0_ where user0_.email=?
Hibernate: select quiz0_.id as id1_0_0_, quiz0_.answer as answer2_0_0_, quiz0_.options as options3_0_0_, quiz0_.text as text4_0_0_, quiz0_.title as title5_0_0_, quiz0_.user as user6_0_0_ from quizzes quiz0_ where quiz0_.id=?
?[1;31m
Start test 39?[0m
Hibernate: select user0_.id as id1_1_, user0_.email as email2_1_, user0_.password as password3_1_ from user user0_ where user0_.email=?
Hibernate: select quiz0_.id as id1_0_0_, quiz0_.answer as answer2_0_0_, quiz0_.options as options3_0_0_, quiz0_.text as text4_0_0_, quiz0_.title as title5_0_0_, quiz0_.user as user6_0_0_ from quizzes quiz0_ where quiz0_.id=?
?[1;31m
Start test 40?[0m
Hibernate: select user0_.id as id1_1_, user0_.email as email2_1_, user0_.password as password3_1_ from user user0_ where user0_.email=?
Hibernate: select quiz0_.id as id1_0_0_, quiz0_.answer as answer2_0_0_, quiz0_.options as options3_0_0_, quiz0_.text as text4_0_0_, quiz0_.title as title5_0_0_, quiz0_.user as user6_0_0_ from quizzes quiz0_ where quiz0_.id=?
?[1;31m
Start test 41?[0m
Hibernate: select user0_.id as id1_1_, user0_.email as email2_1_, user0_.password as password3_1_ from user user0_ where user0_.email=?
Hibernate: select quiz0_.id as id1_0_0_, quiz0_.answer as answer2_0_0_, quiz0_.options as options3_0_0_, quiz0_.text as text4_0_0_, quiz0_.title as title5_0_0_, quiz0_.user as user6_0_0_ from quizzes quiz0_ where quiz0_.id=?
?[1;31m
Start test 42?[0m
Hibernate: select user0_.id as id1_1_, user0_.email as email2_1_, user0_.password as password3_1_ from user user0_ where user0_.email=?
2020-11-22 02:50:55.607  WARN 3680 --- [nio-8080-exec-3] .w.s.m.s.DefaultHandlerExceptionResolver : Resolved [org.springframework.web.method.annotation.MethodArgumentTypeMismatchException: Failed to convert value of type 'java.lang.String' to required type 'int'; nested exception is java.lang.NumberFormatException: For input string: "completed"]
]]></system-out>
  <system-err><![CDATA[]]></system-err>
</testsuite>
